
optiboot_atmega328_pro_8MHz.elf:     file format elf32-avr

Sections:
Idx Name          Size      VMA       LMA       File off  Algn
  0 .data         00000000  00800100  00007ff4  00000268  2**0
                  CONTENTS, ALLOC, LOAD, DATA
  1 .text         000001f4  00007e00  00007e00  00000074  2**1
                  CONTENTS, ALLOC, LOAD, READONLY, CODE
  2 .version      00000002  00007ffe  00007ffe  00000268  2**0
                  CONTENTS, READONLY
  3 .stab         00000ac8  00000000  00000000  0000026c  2**2
                  CONTENTS, READONLY, DEBUGGING
  4 .stabstr      000008be  00000000  00000000  00000d34  2**0
                  CONTENTS, READONLY, DEBUGGING
  5 .comment      00000021  00000000  00000000  000015f2  2**0
                  CONTENTS, READONLY

Disassembly of section .text:

00007e00 <main>:
    7e00:	11 24       	eor	r1, r1
    7e02:	84 b7       	in	r24, 0x34	; 52
    7e04:	14 be       	out	0x34, r1	; 52
    7e06:	81 ff       	sbrs	r24, 1
    7e08:	f0 d0       	rcall	.+480    	; 0x7fea <appStart>
    7e0a:	85 e0       	ldi	r24, 0x05	; 5
    7e0c:	80 93 81 00 	sts	0x0081, r24
    7e10:	82 e0       	ldi	r24, 0x02	; 2
    7e12:	80 93 c0 00 	sts	0x00C0, r24
    7e16:	88 e1       	ldi	r24, 0x18	; 24
    7e18:	80 93 c1 00 	sts	0x00C1, r24
    7e1c:	86 e0       	ldi	r24, 0x06	; 6
    7e1e:	80 93 c2 00 	sts	0x00C2, r24
    7e22:	89 e1       	ldi	r24, 0x19	; 25
    7e24:	80 93 c4 00 	sts	0x00C4, r24
    7e28:	8e e0       	ldi	r24, 0x0E	; 14
    7e2a:	ca d0       	rcall	.+404    	; 0x7fc0 <watchdogConfig>
    7e2c:	25 9a       	sbi	0x04, 5	; 4
    7e2e:	26 e0       	ldi	r18, 0x06	; 6
    7e30:	88 e1       	ldi	r24, 0x18	; 24
    7e32:	9e ef       	ldi	r25, 0xFE	; 254
    7e34:	31 e0       	ldi	r19, 0x01	; 1
    7e36:	90 93 85 00 	sts	0x0085, r25
    7e3a:	80 93 84 00 	sts	0x0084, r24
    7e3e:	36 bb       	out	0x16, r19	; 22
    7e40:	b0 9b       	sbis	0x16, 0	; 22
    7e42:	fe cf       	rjmp	.-4      	; 0x7e40 <main+0x40>
    7e44:	1d 9a       	sbi	0x03, 5	; 3
    7e46:	a8 95       	wdr
    7e48:	21 50       	subi	r18, 0x01	; 1
    7e4a:	a9 f7       	brne	.-22     	; 0x7e36 <main+0x36>
    7e4c:	81 2c       	mov	r8, r1
    7e4e:	91 2c       	mov	r9, r1
    7e50:	ee 24       	eor	r14, r14
    7e52:	e3 94       	inc	r14
    7e54:	95 e0       	ldi	r25, 0x05	; 5
    7e56:	d9 2e       	mov	r13, r25
    7e58:	21 e1       	ldi	r18, 0x11	; 17
    7e5a:	c2 2e       	mov	r12, r18
    7e5c:	33 e0       	ldi	r19, 0x03	; 3
    7e5e:	f3 2e       	mov	r15, r19
    7e60:	a3 d0       	rcall	.+326    	; 0x7fa8 <getch>
    7e62:	81 34       	cpi	r24, 0x41	; 65
    7e64:	89 f4       	brne	.+34     	; 0x7e88 <main+0x88>
    7e66:	a0 d0       	rcall	.+320    	; 0x7fa8 <getch>
    7e68:	89 83       	std	Y+1, r24	; 0x01
    7e6a:	b0 d0       	rcall	.+352    	; 0x7fcc <verifySpace>
    7e6c:	89 81       	ldd	r24, Y+1	; 0x01
    7e6e:	82 38       	cpi	r24, 0x82	; 130
    7e70:	19 f4       	brne	.+6      	; 0x7e78 <main+0x78>
    7e72:	84 e0       	ldi	r24, 0x04	; 4
    7e74:	92 d0       	rcall	.+292    	; 0x7f9a <putch>
    7e76:	8e c0       	rjmp	.+284    	; 0x7f94 <main+0x194>
    7e78:	81 38       	cpi	r24, 0x81	; 129
    7e7a:	19 f4       	brne	.+6      	; 0x7e82 <main+0x82>
    7e7c:	84 e0       	ldi	r24, 0x04	; 4
    7e7e:	8d d0       	rcall	.+282    	; 0x7f9a <putch>
    7e80:	89 c0       	rjmp	.+274    	; 0x7f94 <main+0x194>
    7e82:	83 e0       	ldi	r24, 0x03	; 3
    7e84:	8a d0       	rcall	.+276    	; 0x7f9a <putch>
    7e86:	86 c0       	rjmp	.+268    	; 0x7f94 <main+0x194>
    7e88:	82 34       	cpi	r24, 0x42	; 66
    7e8a:	19 f4       	brne	.+6      	; 0x7e92 <main+0x92>
    7e8c:	84 e1       	ldi	r24, 0x14	; 20
    7e8e:	a6 d0       	rcall	.+332    	; 0x7fdc <getNch>
    7e90:	81 c0       	rjmp	.+258    	; 0x7f94 <main+0x194>
    7e92:	85 34       	cpi	r24, 0x45	; 69
    7e94:	19 f4       	brne	.+6      	; 0x7e9c <main+0x9c>
    7e96:	85 e0       	ldi	r24, 0x05	; 5
    7e98:	a1 d0       	rcall	.+322    	; 0x7fdc <getNch>
    7e9a:	7c c0       	rjmp	.+248    	; 0x7f94 <main+0x194>
    7e9c:	85 35       	cpi	r24, 0x55	; 85
    7e9e:	49 f4       	brne	.+18     	; 0x7eb2 <main+0xb2>
    7ea0:	83 d0       	rcall	.+262    	; 0x7fa8 <getch>
    7ea2:	88 2e       	mov	r8, r24
    7ea4:	81 d0       	rcall	.+258    	; 0x7fa8 <getch>
    7ea6:	91 2c       	mov	r9, r1
    7ea8:	98 2a       	or	r9, r24
    7eaa:	88 0c       	add	r8, r8
    7eac:	99 1c       	adc	r9, r9
    7eae:	8e d0       	rcall	.+284    	; 0x7fcc <verifySpace>
    7eb0:	71 c0       	rjmp	.+226    	; 0x7f94 <main+0x194>
    7eb2:	86 35       	cpi	r24, 0x56	; 86
    7eb4:	29 f4       	brne	.+10     	; 0x7ec0 <main+0xc0>
    7eb6:	84 e0       	ldi	r24, 0x04	; 4
    7eb8:	91 d0       	rcall	.+290    	; 0x7fdc <getNch>
    7eba:	80 e0       	ldi	r24, 0x00	; 0
    7ebc:	6e d0       	rcall	.+220    	; 0x7f9a <putch>
    7ebe:	6a c0       	rjmp	.+212    	; 0x7f94 <main+0x194>
    7ec0:	84 36       	cpi	r24, 0x64	; 100
    7ec2:	09 f0       	breq	.+2      	; 0x7ec6 <main+0xc6>
    7ec4:	3d c0       	rjmp	.+122    	; 0x7f40 <main+0x140>
    7ec6:	70 d0       	rcall	.+224    	; 0x7fa8 <getch>
    7ec8:	6f d0       	rcall	.+222    	; 0x7fa8 <getch>
    7eca:	b8 2e       	mov	r11, r24
    7ecc:	6d d0       	rcall	.+218    	; 0x7fa8 <getch>
    7ece:	81 14       	cp	r8, r1
    7ed0:	80 e7       	ldi	r24, 0x70	; 112
    7ed2:	98 06       	cpc	r9, r24
    7ed4:	30 f4       	brcc	.+12     	; 0x7ee2 <main+0xe2>
    7ed6:	f4 01       	movw	r30, r8
    7ed8:	f7 be       	out	0x37, r15	; 55
    7eda:	e8 95       	spm
    7edc:	00 e0       	ldi	r16, 0x00	; 0
    7ede:	11 e0       	ldi	r17, 0x01	; 1
    7ee0:	02 c0       	rjmp	.+4      	; 0x7ee6 <main+0xe6>
    7ee2:	00 e0       	ldi	r16, 0x00	; 0
    7ee4:	11 e0       	ldi	r17, 0x01	; 1
    7ee6:	60 d0       	rcall	.+192    	; 0x7fa8 <getch>
    7ee8:	f8 01       	movw	r30, r16
    7eea:	81 93       	st	Z+, r24
    7eec:	8f 01       	movw	r16, r30
    7eee:	be 12       	cpse	r11, r30
    7ef0:	fa cf       	rjmp	.-12     	; 0x7ee6 <main+0xe6>
    7ef2:	81 14       	cp	r8, r1
    7ef4:	f0 e7       	ldi	r31, 0x70	; 112
    7ef6:	9f 06       	cpc	r9, r31
    7ef8:	18 f0       	brcs	.+6      	; 0x7f00 <main+0x100>
    7efa:	f4 01       	movw	r30, r8
    7efc:	f7 be       	out	0x37, r15	; 55
    7efe:	e8 95       	spm
    7f00:	65 d0       	rcall	.+202    	; 0x7fcc <verifySpace>
    7f02:	07 b6       	in	r0, 0x37	; 55
    7f04:	00 fc       	sbrc	r0, 0
    7f06:	fd cf       	rjmp	.-6      	; 0x7f02 <main+0x102>
    7f08:	f4 01       	movw	r30, r8
    7f0a:	a0 e0       	ldi	r26, 0x00	; 0
    7f0c:	b1 e0       	ldi	r27, 0x01	; 1
    7f0e:	8c 91       	ld	r24, X
    7f10:	11 96       	adiw	r26, 0x01	; 1
    7f12:	2c 91       	ld	r18, X
    7f14:	11 97       	sbiw	r26, 0x01	; 1
    7f16:	90 e0       	ldi	r25, 0x00	; 0
    7f18:	92 2b       	or	r25, r18
    7f1a:	12 96       	adiw	r26, 0x02	; 2
    7f1c:	0c 01       	movw	r0, r24
    7f1e:	e7 be       	out	0x37, r14	; 55
    7f20:	e8 95       	spm
    7f22:	11 24       	eor	r1, r1
    7f24:	32 96       	adiw	r30, 0x02	; 2
    7f26:	a0 38       	cpi	r26, 0x80	; 128
    7f28:	81 e0       	ldi	r24, 0x01	; 1
    7f2a:	b8 07       	cpc	r27, r24
    7f2c:	81 f7       	brne	.-32     	; 0x7f0e <main+0x10e>
    7f2e:	f4 01       	movw	r30, r8
    7f30:	d7 be       	out	0x37, r13	; 55
    7f32:	e8 95       	spm
    7f34:	07 b6       	in	r0, 0x37	; 55
    7f36:	00 fc       	sbrc	r0, 0
    7f38:	fd cf       	rjmp	.-6      	; 0x7f34 <main+0x134>
    7f3a:	c7 be       	out	0x37, r12	; 55
    7f3c:	e8 95       	spm
    7f3e:	2a c0       	rjmp	.+84     	; 0x7f94 <main+0x194>
    7f40:	84 37       	cpi	r24, 0x74	; 116
    7f42:	b9 f4       	brne	.+46     	; 0x7f72 <main+0x172>
    7f44:	31 d0       	rcall	.+98     	; 0x7fa8 <getch>
    7f46:	30 d0       	rcall	.+96     	; 0x7fa8 <getch>
    7f48:	b8 2e       	mov	r11, r24
    7f4a:	2e d0       	rcall	.+92     	; 0x7fa8 <getch>
    7f4c:	3f d0       	rcall	.+126    	; 0x7fcc <verifySpace>
    7f4e:	f4 01       	movw	r30, r8
    7f50:	a8 2c       	mov	r10, r8
    7f52:	ab 0c       	add	r10, r11
    7f54:	8f 01       	movw	r16, r30
    7f56:	0f 5f       	subi	r16, 0xFF	; 255
    7f58:	1f 4f       	sbci	r17, 0xFF	; 255
    7f5a:	84 91       	lpm	r24, Z
    7f5c:	1e d0       	rcall	.+60     	; 0x7f9a <putch>
    7f5e:	f8 01       	movw	r30, r16
    7f60:	a0 12       	cpse	r10, r16
    7f62:	f8 cf       	rjmp	.-16     	; 0x7f54 <main+0x154>
    7f64:	ff ef       	ldi	r31, 0xFF	; 255
    7f66:	8f 1a       	sub	r8, r31
    7f68:	9f 0a       	sbc	r9, r31
    7f6a:	ba 94       	dec	r11
    7f6c:	8b 0c       	add	r8, r11
    7f6e:	91 1c       	adc	r9, r1
    7f70:	11 c0       	rjmp	.+34     	; 0x7f94 <main+0x194>
    7f72:	85 37       	cpi	r24, 0x75	; 117
    7f74:	41 f4       	brne	.+16     	; 0x7f86 <main+0x186>
    7f76:	2a d0       	rcall	.+84     	; 0x7fcc <verifySpace>
    7f78:	8e e1       	ldi	r24, 0x1E	; 30
    7f7a:	0f d0       	rcall	.+30     	; 0x7f9a <putch>
    7f7c:	85 e9       	ldi	r24, 0x95	; 149
    7f7e:	0d d0       	rcall	.+26     	; 0x7f9a <putch>
    7f80:	8f e0       	ldi	r24, 0x0F	; 15
    7f82:	0b d0       	rcall	.+22     	; 0x7f9a <putch>
    7f84:	07 c0       	rjmp	.+14     	; 0x7f94 <main+0x194>
    7f86:	81 35       	cpi	r24, 0x51	; 81
    7f88:	21 f4       	brne	.+8      	; 0x7f92 <main+0x192>
    7f8a:	88 e0       	ldi	r24, 0x08	; 8
    7f8c:	19 d0       	rcall	.+50     	; 0x7fc0 <watchdogConfig>
    7f8e:	1e d0       	rcall	.+60     	; 0x7fcc <verifySpace>
    7f90:	01 c0       	rjmp	.+2      	; 0x7f94 <main+0x194>
    7f92:	1c d0       	rcall	.+56     	; 0x7fcc <verifySpace>
    7f94:	80 e1       	ldi	r24, 0x10	; 16
    7f96:	01 d0       	rcall	.+2      	; 0x7f9a <putch>
    7f98:	63 cf       	rjmp	.-314    	; 0x7e60 <main+0x60>

00007f9a <putch>:
  }
}

void putch(char ch) {
#ifndef SOFT_UART
  while (!(UCSR0A & _BV(UDRE0)));
    7f9a:	90 91 c0 00 	lds	r25, 0x00C0
    7f9e:	95 ff       	sbrs	r25, 5
    7fa0:	fc cf       	rjmp	.-8      	; 0x7f9a <putch>
  UDR0 = ch;
    7fa2:	80 93 c6 00 	sts	0x00C6, r24
    7fa6:	08 95       	ret

00007fa8 <getch>:
      [uartBit] "I" (UART_RX_BIT)
    :
      "r25"
);
#else
  while(!(UCSR0A & _BV(RXC0)))
    7fa8:	80 91 c0 00 	lds	r24, 0x00C0
    7fac:	87 ff       	sbrs	r24, 7
    7fae:	fc cf       	rjmp	.-8      	; 0x7fa8 <getch>
    ;
  if (!(UCSR0A & _BV(FE0))) {
    7fb0:	80 91 c0 00 	lds	r24, 0x00C0
    7fb4:	84 fd       	sbrc	r24, 4
    7fb6:	01 c0       	rjmp	.+2      	; 0x7fba <getch+0x12>
}
#endif

// Watchdog functions. These are only safe with interrupts turned off.
void watchdogReset() {
  __asm__ __volatile__ (
    7fb8:	a8 95       	wdr
       * don't care that an invalid char is returned...)
       */
    watchdogReset();
  }
  
  ch = UDR0;
    7fba:	80 91 c6 00 	lds	r24, 0x00C6
  LED_PIN |= _BV(LED);
#endif
#endif

  return ch;
}
    7fbe:	08 95       	ret

00007fc0 <watchdogConfig>:
    "wdr\n"
  );
}

void watchdogConfig(uint8_t x) {
  WDTCSR = _BV(WDCE) | _BV(WDE);
    7fc0:	e0 e6       	ldi	r30, 0x60	; 96
    7fc2:	f0 e0       	ldi	r31, 0x00	; 0
    7fc4:	98 e1       	ldi	r25, 0x18	; 24
    7fc6:	90 83       	st	Z, r25
  WDTCSR = x;
    7fc8:	80 83       	st	Z, r24
    7fca:	08 95       	ret

00007fcc <verifySpace>:
  do getch(); while (--count);
  verifySpace();
}

void verifySpace() {
  if (getch() != CRC_EOP) {
    7fcc:	ed df       	rcall	.-38     	; 0x7fa8 <getch>
    7fce:	80 32       	cpi	r24, 0x20	; 32
    7fd0:	19 f0       	breq	.+6      	; 0x7fd8 <verifySpace+0xc>
    watchdogConfig(WATCHDOG_16MS);    // shorten WD timeout
    7fd2:	88 e0       	ldi	r24, 0x08	; 8
    7fd4:	f5 df       	rcall	.-22     	; 0x7fc0 <watchdogConfig>
    7fd6:	ff cf       	rjmp	.-2      	; 0x7fd6 <verifySpace+0xa>
    while (1)			      // and busy-loop so that WD causes
      ;				      //  a reset and app start.
  }
  putch(STK_INSYNC);
    7fd8:	84 e1       	ldi	r24, 0x14	; 20
    7fda:	df cf       	rjmp	.-66     	; 0x7f9a <putch>

00007fdc <getNch>:
    ::[count] "M" (UART_B_VALUE)
  );
}
#endif

void getNch(uint8_t count) {
    7fdc:	cf 93       	push	r28
    7fde:	c8 2f       	mov	r28, r24
  do getch(); while (--count);
    7fe0:	e3 df       	rcall	.-58     	; 0x7fa8 <getch>
    7fe2:	c1 50       	subi	r28, 0x01	; 1
    7fe4:	e9 f7       	brne	.-6      	; 0x7fe0 <getNch+0x4>
  verifySpace();
}
    7fe6:	cf 91       	pop	r28
}
#endif

void getNch(uint8_t count) {
  do getch(); while (--count);
  verifySpace();
    7fe8:	f1 cf       	rjmp	.-30     	; 0x7fcc <verifySpace>

00007fea <appStart>:
  WDTCSR = _BV(WDCE) | _BV(WDE);
  WDTCSR = x;
}

void appStart() {
  watchdogConfig(WATCHDOG_OFF);
    7fea:	80 e0       	ldi	r24, 0x00	; 0
    7fec:	e9 df       	rcall	.-46     	; 0x7fc0 <watchdogConfig>
  __asm__ __volatile__ (
    7fee:	ee 27       	eor	r30, r30
    7ff0:	ff 27       	eor	r31, r31
    7ff2:	09 94       	ijmp
